2010-08-11 12:40:28 : Saving Config...<br />
2010-08-11 12:40:28 :  -> Found Key: 'site_title' => 'KeysWoW CMS' (Old: KeysWoW CMS)...<br />
2010-08-11 12:40:28 :  -> Found Key: 'site_cookie' => 'KeysWOW' (Old: KeysWOW)...<br />
2010-08-11 12:40:28 :  -> Found Key: 'site_href' => '/keyscms/' (Old: /keyscms/)...<br />
2010-08-11 12:40:28 :  -> Found Key: 'base_href' => 'http://127.0.0.1/keyscms/' (Old: http://127.0.0.1/keyscms/)...<br />
2010-08-11 12:40:28 :  -> Found Key: 'copyright' => 'All Images and Logos are Copyright(c) 2010 Blizzard Entertainment' (Old: All Images and Logos are Copyright(c) 2010 Blizzard Entertainment)...<br />
2010-08-11 12:40:28 :  -> Found Key: 'emulator' => 'trinity' (Old: trinity)...<br />
2010-08-11 12:40:28 :  -> Found Key: 'default_template' => 'WotLK' (Old: WotLK)...<br />
2010-08-11 12:40:28 :  -> Found Key: 'default_component' => 'frontpage' (Old: frontpage)...<br />
2010-08-11 12:40:28 :  -> Found Key: 'templates' => 'WotLK,test' (Old: WotLK,test)...<br />
2010-08-11 12:40:28 :  -> Found Key: 'default_realm_id' => '1' (Old: 1)...<br />
2010-08-11 12:40:28 :  -> Found Key: 'multi_realm' => '1' (Old: 1)...<br />
2010-08-11 12:40:28 :  -> Found Key: 'reg_reg_act' => '0' (Old: 0)...<br />
2010-08-11 12:40:28 :  -> Found Key: 'admin_log' => '1' (Old: 1)...<br />
2010-08-11 12:40:28 :  -> Found Key: 'admin_log_path' => 'core/logs/admin_log.log' (Old: core/logs/admin_log.log)...<br />
2010-08-11 12:43:02 : Saving Config...<br />
2010-08-11 12:43:02 :  -> Found Key: 'site_title' => 'KeysWoW CMS' (Old: KeysWoW CMS)...<br />
2010-08-11 12:43:02 :  -> Found Key: 'site_cookie' => 'KeysWOW' (Old: KeysWOW)...<br />
2010-08-11 12:43:02 :  -> Found Key: 'site_href' => '/keyscms/' (Old: /keyscms/)...<br />
2010-08-11 12:43:02 :  -> Found Key: 'base_href' => 'http://127.0.0.1/keyscms/' (Old: http://127.0.0.1/keyscms/)...<br />
2010-08-11 12:43:02 :  -> Found Key: 'copyright' => 'All Images and Logos are Copyright(c) 2010 Blizzard Entertainment' (Old: All Images and Logos are Copyright(c) 2010 Blizzard Entertainment)...<br />
2010-08-11 12:43:02 :  -> Found Key: 'emulator' => 'trinity' (Old: trinity)...<br />
2010-08-11 12:43:02 :  -> Found Key: 'default_template' => 'WotLK' (Old: WotLK)...<br />
2010-08-11 12:43:02 :  -> Found Key: 'default_component' => 'frontpage' (Old: frontpage)...<br />
2010-08-11 12:43:02 :  -> Found Key: 'templates' => 'WotLK,test' (Old: WotLK,test)...<br />
2010-08-11 12:43:02 :  -> Found Key: 'default_realm_id' => '1' (Old: 1)...<br />
2010-08-11 12:43:02 :  -> Found Key: 'multi_realm' => '1' (Old: 1)...<br />
2010-08-11 12:43:02 :  -> Found Key: 'req_reg_act' => '0' (Old: 1)...<br />
2010-08-11 12:43:02 :  -> Found Key: 'admin_log' => '1' (Old: 1)...<br />
2010-08-11 12:43:02 :  -> Found Key: 'admin_log_path' => 'core/logs/admin_log.log' (Old: core/logs/admin_log.log)...<br />
User-> // 2010-08-11 12:46:23 : Saving Config...<br />
User-> // 2010-08-11 12:46:23 :  -> Found Key: 'site_title' => 'KeysWoW CMS' (Old: KeysWoW CMS)...<br />
User-> // 2010-08-11 12:46:23 :  -> Found Key: 'site_cookie' => 'KeysWOW' (Old: KeysWOW)...<br />
User-> // 2010-08-11 12:46:23 :  -> Found Key: 'site_href' => '/keyscms/' (Old: /keyscms/)...<br />
User-> // 2010-08-11 12:46:23 :  -> Found Key: 'base_href' => 'http://127.0.0.1/keyscms/' (Old: http://127.0.0.1/keyscms/)...<br />
User-> // 2010-08-11 12:46:23 :  -> Found Key: 'copyright' => 'All Images and Logos are Copyright(c) 2010 Blizzard Entertainment' (Old: All Images and Logos are Copyright(c) 2010 Blizzard Entertainment)...<br />
User-> // 2010-08-11 12:46:23 :  -> Found Key: 'emulator' => 'trinity' (Old: trinity)...<br />
User-> // 2010-08-11 12:46:23 :  -> Found Key: 'default_template' => 'WotLK' (Old: WotLK)...<br />
User-> // 2010-08-11 12:46:23 :  -> Found Key: 'default_component' => 'frontpage' (Old: frontpage)...<br />
User-> // 2010-08-11 12:46:23 :  -> Found Key: 'templates' => 'WotLK,test' (Old: WotLK,test)...<br />
User-> // 2010-08-11 12:46:23 :  -> Found Key: 'default_realm_id' => '1' (Old: 1)...<br />
User-> // 2010-08-11 12:46:23 :  -> Found Key: 'multi_realm' => '1' (Old: 1)...<br />
User-> // 2010-08-11 12:46:23 :  -> Found Key: 'req_reg_act' => '0' (Old: 0)...<br />
User-> // 2010-08-11 12:46:23 :  -> Found Key: 'admin_log' => '1' (Old: 1)...<br />
User-> // 2010-08-11 12:46:23 :  -> Found Key: 'admin_log_path' => 'core/logs/admin_log.log' (Old: core/logs/admin_log.log)...<br />
 : 2010-08-11 12:48:29 : Saving Config...<br />
 : 2010-08-11 12:48:29 :  -> Found Key: 'site_title' => 'KeysWoW CMS' (Old: KeysWoW CMS)...<br />
 : 2010-08-11 12:48:29 :  -> Found Key: 'site_cookie' => 'KeysWOW' (Old: KeysWOW)...<br />
 : 2010-08-11 12:48:29 :  -> Found Key: 'site_href' => '/keyscms/' (Old: /keyscms/)...<br />
 : 2010-08-11 12:48:29 :  -> Found Key: 'base_href' => 'http://127.0.0.1/keyscms/' (Old: http://127.0.0.1/keyscms/)...<br />
 : 2010-08-11 12:48:29 :  -> Found Key: 'copyright' => 'All Images and Logos are Copyright(c) 2010 Blizzard Entertainment' (Old: All Images and Logos are Copyright(c) 2010 Blizzard Entertainment)...<br />
 : 2010-08-11 12:48:29 :  -> Found Key: 'emulator' => 'trinity' (Old: trinity)...<br />
 : 2010-08-11 12:48:29 :  -> Found Key: 'default_template' => 'WotLK' (Old: WotLK)...<br />
 : 2010-08-11 12:48:29 :  -> Found Key: 'default_component' => 'frontpage' (Old: frontpage)...<br />
 : 2010-08-11 12:48:29 :  -> Found Key: 'templates' => 'WotLK,test' (Old: WotLK,test)...<br />
 : 2010-08-11 12:48:29 :  -> Found Key: 'default_realm_id' => '1' (Old: 1)...<br />
 : 2010-08-11 12:48:29 :  -> Found Key: 'multi_realm' => '1' (Old: 1)...<br />
 : 2010-08-11 12:48:29 :  -> Found Key: 'req_reg_act' => '0' (Old: 0)...<br />
 : 2010-08-11 12:48:29 :  -> Found Key: 'admin_log' => '1' (Old: 1)...<br />
 : 2010-08-11 12:48:29 :  -> Found Key: 'admin_log_path' => 'core/logs/admin_log.log' (Old: core/logs/admin_log.log)...<br />
wilson212 : 2010-08-11 12:48:57 : Saving Config...<br />
User -> wilson212 // 2010-08-11 12:49:36 : Saving Config...<br />
User -> wilson212 // 2010-08-11 12:49:36 :  -> Found Key: 'site_title' => 'KeysWoW CMS' (Old: KeysWoW CMS)...<br />
User -> wilson212 // 2010-08-11 12:49:36 :  -> Found Key: 'site_cookie' => 'KeysWOW' (Old: KeysWOW)...<br />
User -> wilson212 // 2010-08-11 12:49:36 :  -> Found Key: 'site_href' => '/keyscms/' (Old: /keyscms/)...<br />
User -> wilson212 // 2010-08-11 12:49:36 :  -> Found Key: 'base_href' => 'http://127.0.0.1/keyscms/' (Old: http://127.0.0.1/keyscms/)...<br />
User -> wilson212 // 2010-08-11 12:49:36 :  -> Found Key: 'copyright' => 'All Images and Logos are Copyright(c) 2010 Blizzard Entertainment' (Old: All Images and Logos are Copyright(c) 2010 Blizzard Entertainment)...<br />
User -> wilson212 // 2010-08-11 12:49:36 :  -> Found Key: 'emulator' => 'trinity' (Old: trinity)...<br />
User -> wilson212 // 2010-08-11 12:49:36 :  -> Found Key: 'default_template' => 'WotLK' (Old: WotLK)...<br />
User -> wilson212 // 2010-08-11 12:49:36 :  -> Found Key: 'default_component' => 'frontpage' (Old: frontpage)...<br />
User -> wilson212 // 2010-08-11 12:49:36 :  -> Found Key: 'templates' => 'WotLK,test' (Old: WotLK,test)...<br />
User -> wilson212 // 2010-08-11 12:49:36 :  -> Found Key: 'default_realm_id' => '1' (Old: 1)...<br />
User -> wilson212 // 2010-08-11 12:49:36 :  -> Found Key: 'multi_realm' => '1' (Old: 1)...<br />
User -> wilson212 // 2010-08-11 12:49:36 :  -> Found Key: 'req_reg_act' => '0' (Old: 0)...<br />
User -> wilson212 // 2010-08-11 12:49:36 :  -> Found Key: 'admin_log' => '1' (Old: 1)...<br />
User -> wilson212 // 2010-08-11 12:49:36 :  -> Found Key: 'admin_log_path' => 'core/logs/admin_log.log' (Old: core/logs/admin_log.log)...<br />
2010-08-11 12:50:36 : Saving Config...<br />
2010-08-11 12:50:36 :  -> Found Key: 'site_title' => 'KeysWoW CMS' (Old: KeysWoW CMS)...<br />
2010-08-11 12:50:36 :  -> Found Key: 'site_cookie' => 'KeysWOW' (Old: KeysWOW)...<br />
2010-08-11 12:50:36 :  -> Found Key: 'site_href' => '/keyscms/' (Old: /keyscms/)...<br />
2010-08-11 12:50:36 :  -> Found Key: 'base_href' => 'http://127.0.0.1/keyscms/' (Old: http://127.0.0.1/keyscms/)...<br />
2010-08-11 12:50:36 :  -> Found Key: 'copyright' => 'All Images and Logos are Copyright(c) 2010 Blizzard Entertainment' (Old: All Images and Logos are Copyright(c) 2010 Blizzard Entertainment)...<br />
2010-08-11 12:50:36 :  -> Found Key: 'emulator' => 'trinity' (Old: trinity)...<br />
2010-08-11 12:50:36 :  -> Found Key: 'default_template' => 'WotLK' (Old: WotLK)...<br />
2010-08-11 12:50:36 :  -> Found Key: 'default_component' => 'frontpage' (Old: frontpage)...<br />
2010-08-11 12:50:36 :  -> Found Key: 'templates' => 'WotLK,test' (Old: WotLK,test)...<br />
2010-08-11 12:50:36 :  -> Found Key: 'default_realm_id' => '1' (Old: 1)...<br />
2010-08-11 12:50:36 :  -> Found Key: 'multi_realm' => '1' (Old: 1)...<br />
2010-08-11 12:50:36 :  -> Found Key: 'req_reg_act' => '0' (Old: 0)...<br />
2010-08-11 12:50:36 :  -> Found Key: 'admin_log' => '1' (Old: 1)...<br />
2010-08-11 12:50:36 :  -> Found Key: 'admin_log_path' => 'core/logs/admin_log.log' (Old: core/logs/admin_log.log)...<br />
